[0.022s] Invoking command in '/home/daisaku1029/ros2_ws/build/my_package': CMAKE_PREFIX_PATH=${CMAKE_PREFIX_PATH}:/opt/ros/humble /usr/bin/cmake --build /home/daisaku1029/ros2_ws/build/my_package -- -j8 -l8
[0.043s] -- Found ament_cmake: 1.3.12 (/opt/ros/humble/share/ament_cmake/cmake)
[0.162s] -- Found ament_lint_auto: 0.12.14 (/opt/ros/humble/share/ament_lint_auto/cmake)
[0.227s] -- Added test 'cppcheck' to perform static code analysis on C / C++ code
[0.228s] -- Configured cppcheck include dirs: $<BUILD_INTERFACE:/home/daisaku1029/ros2_ws/src/my_package/include>
[0.228s] -- Configured cppcheck exclude dirs and/or files: 
[0.228s] -- Added test 'flake8' to check Python code syntax and style conventions
[0.228s] -- Added test 'lint_cmake' to check CMake code style
[0.229s] -- Added test 'pep257' to check Python code against some of the docstring style conventions in PEP 257
[0.229s] -- Added test 'uncrustify' to check C / C++ code style
[0.229s] -- Configured uncrustify additional arguments: 
[0.229s] -- Added test 'xmllint' to check XML markup files
[0.230s] -- Configuring done
[0.235s] -- Generating done
[0.237s] -- Build files have been written to: /home/daisaku1029/ros2_ws/build/my_package
[0.256s] [35m[1mConsolidate compiler generated dependencies of target my_node[0m
[0.267s] [100%] Built target my_node
[0.278s] Invoked command in '/home/daisaku1029/ros2_ws/build/my_package' returned '0': CMAKE_PREFIX_PATH=${CMAKE_PREFIX_PATH}:/opt/ros/humble /usr/bin/cmake --build /home/daisaku1029/ros2_ws/build/my_package -- -j8 -l8
[0.285s] Invoking command in '/home/daisaku1029/ros2_ws/build/my_package': CMAKE_PREFIX_PATH=${CMAKE_PREFIX_PATH}:/opt/ros/humble /usr/bin/cmake --install /home/daisaku1029/ros2_ws/build/my_package
[0.294s] -- Install configuration: ""
[0.294s] -- Up-to-date: /home/daisaku1029/ros2_ws/install/my_package/lib/my_package/my_node
[0.294s] -- Up-to-date: /home/daisaku1029/ros2_ws/install/my_package/share/ament_index/resource_index/package_run_dependencies/my_package
[0.294s] -- Installing: /home/daisaku1029/ros2_ws/install/my_package/share/ament_index/resource_index/parent_prefix_path/my_package
[0.295s] -- Up-to-date: /home/daisaku1029/ros2_ws/install/my_package/share/my_package/environment/ament_prefix_path.sh
[0.295s] -- Installing: /home/daisaku1029/ros2_ws/install/my_package/share/my_package/environment/ament_prefix_path.dsv
[0.295s] -- Up-to-date: /home/daisaku1029/ros2_ws/install/my_package/share/my_package/environment/path.sh
[0.295s] -- Installing: /home/daisaku1029/ros2_ws/install/my_package/share/my_package/environment/path.dsv
[0.296s] -- Up-to-date: /home/daisaku1029/ros2_ws/install/my_package/share/my_package/local_setup.bash
[0.296s] -- Up-to-date: /home/daisaku1029/ros2_ws/install/my_package/share/my_package/local_setup.sh
[0.296s] -- Up-to-date: /home/daisaku1029/ros2_ws/install/my_package/share/my_package/local_setup.zsh
[0.296s] -- Installing: /home/daisaku1029/ros2_ws/install/my_package/share/my_package/local_setup.dsv
[0.296s] -- Installing: /home/daisaku1029/ros2_ws/install/my_package/share/my_package/package.dsv
[0.297s] -- Up-to-date: /home/daisaku1029/ros2_ws/install/my_package/share/ament_index/resource_index/packages/my_package
[0.297s] -- Up-to-date: /home/daisaku1029/ros2_ws/install/my_package/share/my_package/cmake/my_packageConfig.cmake
[0.297s] -- Up-to-date: /home/daisaku1029/ros2_ws/install/my_package/share/my_package/cmake/my_packageConfig-version.cmake
[0.298s] -- Up-to-date: /home/daisaku1029/ros2_ws/install/my_package/share/my_package/package.xml
[0.298s] -- Installing: /home/daisaku1029/ros2_ws/install/my_package/share/my_package/launch
[0.299s] -- Installing: /home/daisaku1029/ros2_ws/install/my_package/share/my_package/launch/my_node.launch.py
[0.299s] -- Installing: /home/daisaku1029/ros2_ws/install/my_package/share/my_package/urdf
[0.299s] -- Installing: /home/daisaku1029/ros2_ws/install/my_package/share/my_package/urdf/my_robot.urdf
[0.300s] -- Installing: /home/daisaku1029/ros2_ws/install/my_package/share/my_package/worlds
[0.301s] -- Installing: /home/daisaku1029/ros2_ws/install/my_package/share/my_package/worlds/my_world.world
[0.302s] Invoked command in '/home/daisaku1029/ros2_ws/build/my_package' returned '0': CMAKE_PREFIX_PATH=${CMAKE_PREFIX_PATH}:/opt/ros/humble /usr/bin/cmake --install /home/daisaku1029/ros2_ws/build/my_package
